Base path: 'C:/Program Files/Unity/Hub/Editor/2020.1.8f1/Editor/Data', plugins path 'C:/Program Files/Unity/Hub/Editor/2020.1.8f1/Editor/Data/PlaybackEngines'
Cmd: initializeCompiler
Cmd: compileComputeKernel
  api=4 insize=18301 outsize=3067 ok=1
Cmd: compileComputeKernel
  api=4 insize=12109 outsize=1368 ok=1
Cmd: compileComputeKernel
  api=4 insize=12109 outsize=1583 ok=1
Cmd: compileComputeKernel
  api=4 insize=12109 outsize=1130 ok=1
Cmd: compileComputeKernel
  api=4 insize=72903 outsize=6471 ok=1
Cmd: compileComputeKernel
  api=4 insize=4442 outsize=1754 ok=1
Cmd: compileComputeKernel
  api=4 insize=4442 outsize=1594 ok=1
Cmd: compileComputeKernel
  api=4 insize=11985 outsize=1532 ok=1
Cmd: compileComputeKernel
  api=4 insize=11985 outsize=1503 ok=1
Cmd: compileComputeKernel
  api=4 insize=11985 outsize=1501 ok=1
Cmd: compileComputeKernel
  api=4 insize=11985 outsize=1469 ok=1
Cmd: compileComputeKernel
  api=4 insize=11985 outsize=1469 ok=1
Cmd: compileComputeKernel
  api=4 insize=11985 outsize=1469 ok=1
Cmd: compileComputeKernel
  api=4 insize=34089 outsize=1635 ok=1
Cmd: compileComputeKernel
  api=4 insize=34089 outsize=1288 ok=1
Cmd: compileComputeKernel
  api=4 insize=34089 outsize=1292 ok=1
Cmd: compileComputeKernel
  api=4 insize=34089 outsize=1363 ok=1
Cmd: compileComputeKernel
  api=4 insize=34089 outsize=1367 ok=1
Cmd: compileComputeKernel
  api=4 insize=34089 outsize=1488 ok=1
Cmd: compileComputeKernel
  api=4 insize=34089 outsize=1262 ok=1
Cmd: compileComputeKernel
  api=4 insize=34089 outsize=1296 ok=1
Cmd: compileComputeKernel
  api=4 insize=34089 outsize=704 ok=1
Cmd: compileComputeKernel
  api=4 insize=34089 outsize=678 ok=1
Cmd: compileComputeKernel
  api=4 insize=34089 outsize=705 ok=1
Cmd: compileComputeKernel
  api=4 insize=34089 outsize=852 ok=1
Cmd: compileComputeKernel
  api=4 insize=34089 outsize=1098 ok=1
Cmd: compileComputeKernel
  api=4 insize=34089 outsize=642 ok=1
Cmd: compileComputeKernel
  api=4 insize=34089 outsize=627 ok=1
Cmd: compileComputeKernel
  api=4 insize=34089 outsize=681 ok=1
Cmd: compileComputeKernel
  api=4 insize=66874 outsize=1386 ok=1
Cmd: compileComputeKernel
  api=4 insize=66874 outsize=1754 ok=1
Cmd: compileComputeKernel
  api=4 insize=66874 outsize=1594 ok=1
Cmd: compileComputeKernel
  api=4 insize=66874 outsize=1306 ok=1
Cmd: compileComputeKernel
  api=4 insize=66874 outsize=1305 ok=1
Cmd: compileComputeKernel
  api=4 insize=66874 outsize=2002 ok=1
Cmd: compileComputeKernel
  api=4 insize=66874 outsize=1853 ok=1
Cmd: compileComputeKernel
  api=4 insize=66874 outsize=1855 ok=1
Cmd: compileComputeKernel
  api=4 insize=66874 outsize=1823 ok=1
Cmd: compileComputeKernel
  api=4 insize=66874 outsize=1823 ok=1
Cmd: compileComputeKernel
  api=4 insize=66874 outsize=1368 ok=1
Cmd: compileComputeKernel
  api=4 insize=66874 outsize=1781 ok=1
Cmd: compileComputeKernel
  api=4 insize=66874 outsize=1315 ok=1
Cmd: compileComputeKernel
  api=4 insize=66874 outsize=1524 ok=1
Cmd: compileComputeKernel
  api=4 insize=66874 outsize=1635 ok=1
Cmd: compileComputeKernel
  api=4 insize=66874 outsize=1289 ok=1
Cmd: compileComputeKernel
  api=4 insize=66874 outsize=1328 ok=1
Cmd: compileComputeKernel
  api=4 insize=66874 outsize=1601 ok=1
Cmd: compileComputeKernel
  api=4 insize=66874 outsize=1411 ok=1
Cmd: compileComputeKernel
  api=4 insize=66874 outsize=1465 ok=1
Cmd: compileComputeKernel
  api=4 insize=66874 outsize=2486 ok=1
Cmd: compileComputeKernel
  api=4 insize=66874 outsize=1583 ok=1
Cmd: compileComputeKernel
  api=4 insize=66874 outsize=10971 ok=1
Cmd: compileComputeKernel
  api=4 insize=79248 outsize=3729 ok=1
Cmd: compileComputeKernel
  api=4 insize=79248 outsize=22146 ok=1
Cmd: compileComputeKernel
  api=4 insize=79248 outsize=27133 ok=1
Cmd: compileComputeKernel
  api=4 insize=79248 outsize=6368 ok=1

Quitting shader compiler process
